Unity Editor version:    2022.3.11f1 (d00248457e15)
Branch:                  2022.3/staging
Build type:              Release
Batch mode:              YES
macOS version:           Version 14.3.1 (Build 23D60)
Darwin version:          23.3.0
Architecture:            arm64
Running under Rosetta:   NO
Available memory:        16384 MB
Using pre-set license
Pro License: YES

COMMAND LINE ARGUMENTS:
/Applications/Unity/Hub/Editor/2022.3.11f1/Unity.app/Contents/MacOS/Unity
-adb2
-batchMode
-noUpm
-name
AssetImportWorker4
-projectPath
/Users/daitoyamagishi/Documents/unity-reflect/gamefile
-logFile
Logs/AssetImportWorker4.log
-srvPort
60998
Successfully changed project path to: /Users/daitoyamagishi/Documents/unity-reflect/gamefile
/Users/daitoyamagishi/Documents/unity-reflect/gamefile
[UnityMemory] Configuration Parameters - Can be set up in boot.config
    "memorysetup-bucket-allocator-granularity=16"
    "memorysetup-bucket-allocator-bucket-count=8"
    "memorysetup-bucket-allocator-block-size=33554432"
    "memorysetup-bucket-allocator-block-count=8"
    "memorysetup-main-allocator-block-size=16777216"
    "memorysetup-thread-allocator-block-size=16777216"
    "memorysetup-gfx-main-allocator-block-size=16777216"
    "memorysetup-gfx-thread-allocator-block-size=16777216"
    "memorysetup-cache-allocator-block-size=4194304"
    "memorysetup-typetree-allocator-block-size=2097152"
    "memorysetup-profiler-bucket-allocator-granularity=16"
    "memorysetup-profiler-bucket-allocator-bucket-count=8"
    "memorysetup-profiler-bucket-allocator-block-size=33554432"
    "memorysetup-profiler-bucket-allocator-block-count=8"
    "memorysetup-profiler-allocator-block-size=16777216"
    "memorysetup-profiler-editor-allocator-block-size=1048576"
    "memorysetup-temp-allocator-size-main=16777216"
    "memorysetup-job-temp-allocator-block-size=2097152"
    "memorysetup-job-temp-allocator-block-size-background=1048576"
    "memorysetup-job-temp-allocator-reduction-small-platforms=262144"
    "memorysetup-allocator-temp-initial-block-size-main=262144"
    "memorysetup-allocator-temp-initial-block-size-worker=262144"
    "memorysetup-temp-allocator-size-background-worker=32768"
    "memorysetup-temp-allocator-size-job-worker=262144"
    "memorysetup-temp-allocator-size-preload-manager=33554432"
    "memorysetup-temp-allocator-size-nav-mesh-worker=65536"
    "memorysetup-temp-allocator-size-audio-worker=65536"
    "memorysetup-temp-allocator-size-cloud-worker=32768"
    "memorysetup-temp-allocator-size-gi-baking-worker=262144"
    "memorysetup-temp-allocator-size-gfx=262144"
Player connection [8065375296] Host "[IP] 192.168.3.6 [Port] 0 [Flags] 2 [Guid] 3611399656 [EditorId] 3611399656 [Version] 1048832 [Id] OSXEditor(0,Daitos-MacBook-Pro.local) [Debug] 1 [PackageName] OSXEditor [ProjectName] Editor" joined multi-casting on [225.0.0.222:54997]...

Player connection [8065375296] Host "[IP] 192.168.3.6 [Port] 0 [Flags] 2 [Guid] 3611399656 [EditorId] 3611399656 [Version] 1048832 [Id] OSXEditor(0,Daitos-MacBook-Pro.local) [Debug] 1 [PackageName] OSXEditor [ProjectName] Editor" joined alternative multi-casting on [225.0.0.222:34997]...

[Physics::Module] Initialized MultithreadedJobDispatcher with 7 workers.
Refreshing native plugins compatible for Editor in 18.52 ms, found 1 plugins.
Preloading 0 native plugins for Editor in 0.00 ms.
Initialize engine version: 2022.3.11f1 (d00248457e15)
[Subsystems] Discovering subsystems at path /Applications/Unity/Hub/Editor/2022.3.11f1/Unity.app/Contents/Resources/UnitySubsystems
[Subsystems] Discovering subsystems at path /Users/daitoyamagishi/Documents/unity-reflect/gamefile/Assets
GfxDevice: creating device client; threaded=0; jobified=0
 preferred device: Apple M1 Pro (high power)
Metal devices available: 1
0: Apple M1 Pro (high power)
Using device Apple M1 Pro (high power)
Initializing Metal device caps: Apple M1 Pro
Initialize mono
Mono path[0] = '/Applications/Unity/Hub/Editor/2022.3.11f1/Unity.app/Contents/Managed'
Mono path[1] = '/Applications/Unity/Hub/Editor/2022.3.11f1/Unity.app/Contents/MonoBleedingEdge/lib/mono/unityjit-macos'
Mono config path = '/Applications/Unity/Hub/Editor/2022.3.11f1/Unity.app/Contents/MonoBleedingEdge/etc'
Using monoOptions --debugger-agent=transport=dt_socket,embedding=1,server=y,suspend=n,address=127.0.0.1:56573
Begin MonoManager ReloadAssembly
Registering precompiled unity dll's ...
Register platform support module: /Applications/Unity/Hub/Editor/2022.3.11f1/PlaybackEngines/WebGLSupport/UnityEditor.WebGL.Extensions.dll
Register platform support module: /Applications/Unity/Hub/Editor/2022.3.11f1/Unity.app/Contents/PlaybackEngines/MacStandaloneSupport/UnityEditor.OSXStandalone.Extensions.dll
Register platform support module: /Applications/Unity/Hub/Editor/2022.3.11f1/PlaybackEngines/iOSSupport/UnityEditor.iOS.Extensions.dll
Registered in 0.004248 seconds.
- Loaded All Assemblies, in  0.275 seconds
[usbmuxd] Start listen thread
[usbmuxd] Listen thread started
[usbmuxd] Send listen message
Native extension for iOS target not found
Native extension for OSXStandalone target not found
Native extension for WebGL target not found
Mono: successfully reloaded assembly
- Finished resetting the current domain, in  0.202 seconds
Domain Reload Profiling: 478ms
	BeginReloadAssembly (87ms)
		ExecutionOrderSort (0ms)
		DisableScriptedObjects (0ms)
		BackupInstance (0ms)
		ReleaseScriptingObjects (0ms)
		CreateAndSetChildDomain (0ms)
	RebuildCommonClasses (29ms)
	RebuildNativeTypeToScriptingClass (8ms)
	initialDomainReloadingComplete (38ms)
	LoadAllAssembliesAndSetupDomain (114ms)
		LoadAssemblies (88ms)
		RebuildTransferFunctionScriptingTraits (0ms)
		AnalyzeDomain (111ms)
			TypeCache.Refresh (108ms)
				TypeCache.ScanAssembly (95ms)
			ScanForSourceGeneratedMonoScriptInfo (0ms)
			ResolveRequiredComponents (1ms)
	FinalizeReload (203ms)
		ReleaseScriptCaches (0ms)
		RebuildScriptCaches (0ms)
		SetupLoadedEditorAssemblies (166ms)
			LogAssemblyErrors (0ms)
			InitializePlatformSupportModulesInManaged (60ms)
			SetLoadedEditorAssemblies (4ms)
			RefreshPlugins (0ms)
			BeforeProcessingInitializeOnLoad (1ms)
			ProcessInitializeOnLoadAttributes (75ms)
			ProcessInitializeOnLoadMethodAttributes (25ms)
			AfterProcessingInitializeOnLoad (0ms)
			EditorAssembliesLoaded (0ms)
		ExecutionOrderSort2 (0ms)
		AwakeInstancesAfterBackupRestoration (0ms)
========================================================================
Worker process is ready to serve import requests
Script is not up to date after domain reload: guid(6161558d13f964113bcd00d5a0a00e7a) path("Assets/TransitionsPlus/Editor/TransitionProfileEditor.cs") state(2)
Script is not up to date after domain reload: guid(0ba5c4b9ea09644efab0e0ba150c3675) path("Assets/_project/Scripts/Orc.cs") state(2)
Script is not up to date after domain reload: guid(e0f9d22fa85eb43e8af60b22fb69c43c) path("Assets/TransitionsPlus/Runtime/Scripts/TransitionProfile.cs") state(2)
Script is not up to date after domain reload: guid(acde01fe25a40428f8a08c9b583c5ef0) path("Assets/TransitionsPlus/Editor/MenuIntegration.cs") state(2)
Script is not up to date after domain reload: guid(b7960bf3f811f4714b8ba2cf4594e5ba) path("Assets/_project/Scripts/PlayerController.cs") state(2)
Script is not up to date after domain reload: guid(0a5bcdf3e7de54ac0ad99b09c1a9258e) path("Assets/TransitionsPlus/Runtime/Scripts/Misc.cs") state(2)
Script is not up to date after domain reload: guid(fa8f9dfa856d6400e8521f8d53ee0340) path("Assets/_project/Scripts/BGMSwitcher.cs") state(2)
Script is not up to date after domain reload: guid(70075e8b5853e4f6fb6f3aeafbe29789) path("Assets/TransitionsPlus/Editor/TransitionAnimatorEditor.cs") state(2)
Script is not up to date after domain reload: guid(db6e3a1bb95504815aeca7ee6cc67b71) path("Assets/_project/Scripts/Stage1Complete.cs") state(2)
Script is not up to date after domain reload: guid(a97c694047bdc4120a2052cf33c30d38) path("Assets/_project/Scripts/MenuMaster.cs") state(2)
Script is not up to date after domain reload: guid(828075bc53f2de84982a943870529b7b) path("Packages/com.unity.ugui/Runtime/UI/Core/Misc.cs") state(2)
Script is not up to date after domain reload: guid(e297ef63799054727bcf1a35d9f85f1f) path("Assets/_project/Scripts/BattleField.cs") state(2)
Script is not up to date after domain reload: guid(d865300cd27f544f6952b302d2d695ed) path("Assets/TransitionsPlus/Demos/On Demand/StartTransition.cs") state(2)
Script is not up to date after domain reload: guid(5f6ce2541cb4a44b1b3037237bd00946) path("Assets/TransitionsPlus/Runtime/Scripts/TransitionAnimator.cs") state(2)
Script is not up to date after domain reload: guid(9e0e15bfb693246958cba7bc11081b29) path("Assets/_project/Scripts/Enemy.cs") state(2)
Script is not up to date after domain reload: guid(f316dd1e1ff094cad976e832b7cbe370) path("Assets/TransitionsPlus/Demos/Fade Between Cameras/MoveSphere.cs") state(2)
Script is not up to date after domain reload: guid(547ed11001cb445d8bb247eb224e04c8) path("Assets/_project/Scripts/SelectionButton.cs") state(2)
Begin MonoManager ReloadAssembly
- Loaded All Assemblies, in  0.511 seconds
Refreshing native plugins compatible for Editor in 1.63 ms, found 1 plugins.
Native extension for iOS target not found
Native extension for OSXStandalone target not found
Native extension for WebGL target not found
Package Manager log level set to [2]
[Package Manager] Server::EnsureServerProcessIsRunning -- launch failed, reason: Unity was launched with the -noUpm command-line argument
[Package Manager] UpmClient::Send -- Unable to send message (not connected to UPM process).
[Package Manager] Cannot connect to Unity Package Manager local server
Mono: successfully reloaded assembly
[Package Manager] Server::EnsureServerProcessIsRunning -- launch failed, reason: Unity was launched with the -noUpm command-line argument
[Package Manager] UpmClient::Send -- Unable to send message (not connected to UPM process).
[Package Manager] Cannot connect to Unity Package Manager local server
[Package Manager] Server::EnsureServerProcessIsRunning -- launch failed, reason: Unity was launched with the -noUpm command-line argument
[Package Manager] UpmClient::Send -- Unable to send message (not connected to UPM process).
[Package Manager] Cannot connect to Unity Package Manager local server
- Finished resetting the current domain, in  0.408 seconds
Domain Reload Profiling: 919ms
	BeginReloadAssembly (80ms)
		ExecutionOrderSort (0ms)
		DisableScriptedObjects (3ms)
		BackupInstance (0ms)
		ReleaseScriptingObjects (0ms)
		CreateAndSetChildDomain (17ms)
	RebuildCommonClasses (22ms)
	RebuildNativeTypeToScriptingClass (8ms)
	initialDomainReloadingComplete (24ms)
	LoadAllAssembliesAndSetupDomain (377ms)
		LoadAssemblies (253ms)
		RebuildTransferFunctionScriptingTraits (0ms)
		AnalyzeDomain (160ms)
			TypeCache.Refresh (138ms)
				TypeCache.ScanAssembly (120ms)
			ScanForSourceGeneratedMonoScriptInfo (12ms)
			ResolveRequiredComponents (8ms)
	FinalizeReload (408ms)
		ReleaseScriptCaches (0ms)
		RebuildScriptCaches (0ms)
		SetupLoadedEditorAssemblies (305ms)
			LogAssemblyErrors (0ms)
			InitializePlatformSupportModulesInManaged (14ms)
			SetLoadedEditorAssemblies (2ms)
			RefreshPlugins (0ms)
			BeforeProcessingInitializeOnLoad (43ms)
			ProcessInitializeOnLoadAttributes (204ms)
			ProcessInitializeOnLoadMethodAttributes (40ms)
			AfterProcessingInitializeOnLoad (1ms)
			EditorAssembliesLoaded (0ms)
		ExecutionOrderSort2 (0ms)
		AwakeInstancesAfterBackupRestoration (2ms)
Script is not up to date after domain reload: guid(6161558d13f964113bcd00d5a0a00e7a) path("Assets/TransitionsPlus/Editor/TransitionProfileEditor.cs") state(2)
Script is not up to date after domain reload: guid(0ba5c4b9ea09644efab0e0ba150c3675) path("Assets/_project/Scripts/Orc.cs") state(2)
Script is not up to date after domain reload: guid(e0f9d22fa85eb43e8af60b22fb69c43c) path("Assets/TransitionsPlus/Runtime/Scripts/TransitionProfile.cs") state(2)
Script is not up to date after domain reload: guid(acde01fe25a40428f8a08c9b583c5ef0) path("Assets/TransitionsPlus/Editor/MenuIntegration.cs") state(2)
Script is not up to date after domain reload: guid(b7960bf3f811f4714b8ba2cf4594e5ba) path("Assets/_project/Scripts/PlayerController.cs") state(2)
Script is not up to date after domain reload: guid(0a5bcdf3e7de54ac0ad99b09c1a9258e) path("Assets/TransitionsPlus/Runtime/Scripts/Misc.cs") state(2)
Script is not up to date after domain reload: guid(fa8f9dfa856d6400e8521f8d53ee0340) path("Assets/_project/Scripts/BGMSwitcher.cs") state(2)
Script is not up to date after domain reload: guid(70075e8b5853e4f6fb6f3aeafbe29789) path("Assets/TransitionsPlus/Editor/TransitionAnimatorEditor.cs") state(2)
Script is not up to date after domain reload: guid(db6e3a1bb95504815aeca7ee6cc67b71) path("Assets/_project/Scripts/Stage1Complete.cs") state(2)
Script is not up to date after domain reload: guid(a97c694047bdc4120a2052cf33c30d38) path("Assets/_project/Scripts/MenuMaster.cs") state(2)
Script is not up to date after domain reload: guid(828075bc53f2de84982a943870529b7b) path("Packages/com.unity.ugui/Runtime/UI/Core/Misc.cs") state(2)
Script is not up to date after domain reload: guid(e297ef63799054727bcf1a35d9f85f1f) path("Assets/_project/Scripts/BattleField.cs") state(2)
Script is not up to date after domain reload: guid(d865300cd27f544f6952b302d2d695ed) path("Assets/TransitionsPlus/Demos/On Demand/StartTransition.cs") state(2)
Script is not up to date after domain reload: guid(5f6ce2541cb4a44b1b3037237bd00946) path("Assets/TransitionsPlus/Runtime/Scripts/TransitionAnimator.cs") state(2)
Script is not up to date after domain reload: guid(9e0e15bfb693246958cba7bc11081b29) path("Assets/_project/Scripts/Enemy.cs") state(2)
Script is not up to date after domain reload: guid(f316dd1e1ff094cad976e832b7cbe370) path("Assets/TransitionsPlus/Demos/Fade Between Cameras/MoveSphere.cs") state(2)
Script is not up to date after domain reload: guid(547ed11001cb445d8bb247eb224e04c8) path("Assets/_project/Scripts/SelectionButton.cs") state(2)
Launching external process: /Applications/Unity/Hub/Editor/2022.3.11f1/Unity.app/Contents/Tools/UnityShaderCompiler
Launched and connected shader compiler UnityShaderCompiler after 0.21 seconds
Refreshing native plugins compatible for Editor in 1.90 ms, found 1 plugins.
Preloading 0 native plugins for Editor in 0.00 ms.
Unloading 5608 Unused Serialized files (Serialized files now loaded: 0)
Unloading 112 unused Assets / (1.7 MB). Loaded Objects now: 6045.
Memory consumption went from 247.2 MB to 245.5 MB.
Total: 3.160417 ms (FindLiveObjects: 0.172750 ms CreateObjectMapping: 0.068333 ms MarkObjects: 2.494333 ms  DeleteObjects: 0.424709 ms)

AssetImportParameters requested are different than current active one (requested -> active):
  custom:container-demuxer-ogg: 62fdf1f143b41e24485cea50d1cbac27 -> 
  custom:video-decoder-ogg-theora: a1e56fd34408186e4bbccfd4996cb3dc -> 
  custom:CustomObjectIndexerAttribute: d54d2f2da18e7612c182cf67624b6b12 -> 
  custom:container-demuxer-webm: 4f35f7cbe854078d1ac9338744f61a02 -> 
  custom:container-muxer-webm: aa71ff27fc2769a1b78a27578f13a17b -> 
  custom:video-decoder-webm-vp8: 9c59270c3fd7afecdb556c50c9e8de78 -> 
  custom:SearchIndexIgnoredProperties: e643bd26f0fe6173181afceb89e7c659 -> 
  custom:AudioImporter_EditorPlatform: 3918e3fc78b5a79bad01e8451be0beb8 -> 
  custom:framework-osx-AVFoundation: e770b220cccbd017edd2c1fefb359320 -> 
  custom:video-encoder-webm-vp8: eb34c28f22e8b96e1ab97ce403110664 -> 
  custom:audio-decoder-ogg-vorbis: bf7c407c2cedff20999df2af8eb42d56 -> 
  custom:audio-encoder-webm-vorbis: bf7c407c2cedff20999df2af8eb42d56 -> 
========================================================================
Received Import Request.
  Time since last request: 328253.359541 seconds.
  path: Assets/_project/Scenes/Game1.unity
  artifactKey: Guid(99c9720ab356a0642a771bea13969a05) Importer(815301076,1909f56bfc062723c751e8b465ee728b)
Start importing Assets/_project/Scenes/Game1.unity using Guid(99c9720ab356a0642a771bea13969a05) Importer(815301076,1909f56bfc062723c751e8b465ee728b)  -> (artifact id: 'bb1fc95e579fb6abaa3cf3b62cde1c32') in 0.007966 seconds
Number of updated asset objects reloaded before import = 0
Number of asset objects unloaded after import = 0
